music_player_flutter/build/app/intermediates/manifest_merge_blame_file/debug/manifest-merger-blame-debug-report.txt
1<?xml version="1.0" encoding="utf-8"?>
2<manifest xmlns:android="http://schemas.android.com/apk/res/android"
3    package="com.example.music_player_tutorial"
4    android:versionCode="1"
5    android:versionName="1.0.0" >
6
7    <uses-sdk
8        android:minSdkVersion="16"
9        android:targetSdkVersion="30" />
10    <!--
11         Flutter needs it to communicate with the running application
12         to allow setting breakpoints, to provide hot reload, etc.
13    -->
14    <uses-permission android:name="android.permission.INTERNET" />
14-->src\main\AndroidManifest.xml:3:5-66
14-->src\main\AndroidManifest.xml:3:22-64
15    <uses-permission android:name="android.permission.WAKE_LOCK" />
15-->src\main\AndroidManifest.xml:4:5-67
15-->src\main\AndroidManifest.xml:4:22-65
16    <uses-permission android:name="android.permission.FOREGROUND_SERVICE" />
16-->src\main\AndroidManifest.xml:5:5-76
16-->src\main\AndroidManifest.xml:5:22-74
17    <uses-permission android:name="android.permission.ACCESS_NETWORK_STATE" />
17-->[com.google.android.exoplayer:exoplayer-core:2.15.0] AndroidManifest.xml:24:5-79
17-->[com.google.android.exoplayer:exoplayer-core:2.15.0] AndroidManifest.xml:24:22-76
18
19    <queries>
19-->[androidx.media2:media2-session:1.1.3] AndroidManifest.xml:24:5-34:15
20        <intent>
20-->[androidx.media2:media2-session:1.1.3] AndroidManifest.xml:25:9-27:18
21            <action android:name="android.media.browse.MediaBrowserService" />
21-->src\main\AndroidManifest.xml:45:13-79
21-->src\main\AndroidManifest.xml:45:21-76
22        </intent>
23        <intent>
23-->[androidx.media2:media2-session:1.1.3] AndroidManifest.xml:28:9-30:18
24            <action android:name="androidx.media2.session.MediaSessionService" />
24-->[androidx.media2:media2-session:1.1.3] AndroidManifest.xml:29:13-82
24-->[androidx.media2:media2-session:1.1.3] AndroidManifest.xml:29:21-79
25        </intent>
26        <intent>
26-->[androidx.media2:media2-session:1.1.3] AndroidManifest.xml:31:9-33:18
27            <action android:name="androidx.media2.session.MediaLibraryService" />
27-->[androidx.media2:media2-session:1.1.3] AndroidManifest.xml:32:13-82
27-->[androidx.media2:media2-session:1.1.3] AndroidManifest.xml:32:21-79
28        </intent>
29    </queries>
30
31    <application
31-->src\main\AndroidManifest.xml:6:4-56:19
32        android:appComponentFactory="androidx.core.app.CoreComponentFactory"
32-->[androidx.core:core:1.6.0] AndroidManifest.xml:24:18-86
33        android:debuggable="true"
34        android:icon="@mipmap/ic_launcher"
34-->src\main\AndroidManifest.xml:8:9-43
35        android:label="music_player_tutorial"
35-->src\main\AndroidManifest.xml:7:9-46
36        android:usesCleartextTraffic="true" >
36-->src\main\AndroidManifest.xml:9:9-44
37        <activity
37-->src\main\AndroidManifest.xml:10:9-38:20
38            android:name="com.ryanheise.audioservice.AudioServiceActivity"
38-->src\main\AndroidManifest.xml:11:13-75
39            android:configChanges="orientation|keyboardHidden|keyboard|screenSize|smallestScreenSize|locale|layoutDirection|fontScale|screenLayout|density|uiMode"
39-->src\main\AndroidManifest.xml:14:13-163
40            android:hardwareAccelerated="true"
40-->src\main\AndroidManifest.xml:15:13-47
41            android:launchMode="singleTop"
41-->src\main\AndroidManifest.xml:12:13-43
42            android:theme="@style/LaunchTheme"
42-->src\main\AndroidManifest.xml:13:13-47
43            android:windowSoftInputMode="adjustResize" >
43-->src\main\AndroidManifest.xml:16:13-55
44
45            <!--
46                 Specifies an Android theme to apply to this Activity as soon as
47                 the Android process has started. This theme is visible to the user
48                 while the Flutter UI initializes. After that, this theme continues
49                 to determine the Window background behind the Flutter UI.
50            -->
51            <meta-data
51-->src\main\AndroidManifest.xml:21:13-24:17
52                android:name="io.flutter.embedding.android.NormalTheme"
52-->src\main\AndroidManifest.xml:22:15-70
53                android:resource="@style/NormalTheme" />
53-->src\main\AndroidManifest.xml:23:15-52
54            <!--
55                 Displays an Android View that continues showing the launch screen
56                 Drawable until Flutter paints its first frame, then this splash
57                 screen fades out. A splash screen is useful to avoid any visual
58                 gap between the end of Android's launch screen and the painting of
59                 Flutter's first frame.
60            -->
61            <meta-data
61-->src\main\AndroidManifest.xml:30:13-33:17
62                android:name="io.flutter.embedding.android.SplashScreenDrawable"
62-->src\main\AndroidManifest.xml:31:15-79
63                android:resource="@drawable/launch_background" />
63-->src\main\AndroidManifest.xml:32:15-61
64
65            <intent-filter>
65-->src\main\AndroidManifest.xml:34:13-37:29
66                <action android:name="android.intent.action.MAIN" />
66-->src\main\AndroidManifest.xml:35:17-68
66-->src\main\AndroidManifest.xml:35:25-66
67
68                <category android:name="android.intent.category.LAUNCHER" />
68-->src\main\AndroidManifest.xml:36:17-76
68-->src\main\AndroidManifest.xml:36:27-74
69            </intent-filter>
70        </activity>
71
72        <meta-data
72-->src\main\AndroidManifest.xml:39:9-41:33
73            android:name="flutterEmbedding"
73-->src\main\AndroidManifest.xml:40:13-44
74            android:value="2" />
74-->src\main\AndroidManifest.xml:41:13-30
75
76        <service
76-->src\main\AndroidManifest.xml:42:9-47:19
77            android:name="com.ryanheise.audioservice.AudioService"
77-->src\main\AndroidManifest.xml:42:18-72
78            android:exported="true" >
78-->src\main\AndroidManifest.xml:43:9-32
79            <intent-filter>
79-->src\main\AndroidManifest.xml:44:11-46:27
80                <action android:name="android.media.browse.MediaBrowserService" />
80-->src\main\AndroidManifest.xml:45:13-79
80-->src\main\AndroidManifest.xml:45:21-76
81            </intent-filter>
82        </service>
83
84        <receiver
84-->src\main\AndroidManifest.xml:48:9-53:20
85            android:name="com.ryanheise.audioservice.MediaButtonReceiver"
85-->src\main\AndroidManifest.xml:48:19-80
86            android:exported="true" >
86-->src\main\AndroidManifest.xml:49:9-32
87            <intent-filter>
87-->src\main\AndroidManifest.xml:50:11-52:27
88                <action android:name="android.intent.action.MEDIA_BUTTON" />
88-->src\main\AndroidManifest.xml:51:13-73
88-->src\main\AndroidManifest.xml:51:21-70
89            </intent-filter>
90        </receiver>
91        <!--
92             Don't delete the meta-data below.
93             This is used by the Flutter tool to generate GeneratedPluginRegistrant.java
94        -->
95    </application>
96
97</manifest>